0 info it worked if it ends with ok
1 verbose cli [ 'node', '/usr/local/bin/npm', 'install', 'twilio-node' ]
2 info using npm@2.12.1
3 info using node@v0.12.6
4 verbose install initial load of /Users/averysinclair/Sites/hairpiq/repos/piqtionary/package.json
5 verbose installManyTop reading scoped package data from /Users/averysinclair/Sites/hairpiq/repos/piqtionary/node_modules/aws-sdk/package.json
6 verbose installManyTop reading scoped package data from /Users/averysinclair/Sites/hairpiq/repos/piqtionary/node_modules/body-parser/package.json
7 verbose installManyTop reading scoped package data from /Users/averysinclair/Sites/hairpiq/repos/piqtionary/node_modules/cloudinary/package.json
8 verbose installManyTop reading scoped package data from /Users/averysinclair/Sites/hairpiq/repos/piqtionary/node_modules/express/package.json
9 verbose installManyTop reading scoped package data from /Users/averysinclair/Sites/hairpiq/repos/piqtionary/node_modules/fs/package.json
10 verbose installManyTop reading scoped package data from /Users/averysinclair/Sites/hairpiq/repos/piqtionary/node_modules/node-bitlyapi/package.json
11 verbose installManyTop reading scoped package data from /Users/averysinclair/Sites/hairpiq/repos/piqtionary/node_modules/request/package.json
12 verbose installManyTop reading scoped package data from /Users/averysinclair/Sites/hairpiq/repos/piqtionary/node_modules/s3fs/package.json
13 verbose installManyTop reading scoped package data from /Users/averysinclair/Sites/hairpiq/repos/piqtionary/node_modules/twilio/package.json
14 info package.json fs@0.0.2 fs is also the name of a node core module.
15 info package.json fs@0.0.2 No description
16 info package.json fs@0.0.2 No repository field.
17 info package.json node-bitlyapi@0.4.0 No license field.
18 verbose readDependencies loading dependencies from /Users/averysinclair/Sites/hairpiq/repos/piqtionary/package.json
19 silly cache add args [ 'twilio-node', null ]
20 verbose cache add spec twilio-node
21 silly cache add parsed spec { raw: 'twilio-node',
21 silly cache add   scope: null,
21 silly cache add   name: 'twilio-node',
21 silly cache add   rawSpec: '',
21 silly cache add   spec: '*',
21 silly cache add   type: 'range' }
22 silly addNamed twilio-node@*
23 verbose addNamed "*" is a valid semver range for twilio-node
24 silly addNameRange { name: 'twilio-node', range: '*', hasData: false }
25 silly mapToRegistry name twilio-node
26 silly mapToRegistry using default registry
27 silly mapToRegistry registry https://registry.npmjs.org/
28 silly mapToRegistry uri https://registry.npmjs.org/twilio-node
29 verbose addNameRange registry:https://registry.npmjs.org/twilio-node not in flight; fetching
30 verbose request uri https://registry.npmjs.org/twilio-node
31 verbose request no auth needed
32 info attempt registry request try #1 at 9:16:41 PM
33 verbose request id 269e60dabc155cfd
34 http request GET https://registry.npmjs.org/twilio-node
35 http 404 https://registry.npmjs.org/twilio-node
36 verbose headers { 'content-type': 'application/json',
36 verbose headers   'cache-control': 'max-age=0',
36 verbose headers   'content-length': '2',
36 verbose headers   'accept-ranges': 'bytes',
36 verbose headers   date: 'Wed, 09 Nov 2016 02:16:42 GMT',
36 verbose headers   via: '1.1 varnish',
36 verbose headers   age: '0',
36 verbose headers   connection: 'keep-alive',
36 verbose headers   'x-served-by': 'cache-iad2133-IAD',
36 verbose headers   'x-cache': 'MISS',
36 verbose headers   'x-cache-hits': '0',
36 verbose headers   'x-timer': 'S1478657802.089144,VS0,VE103',
36 verbose headers   vary: 'Accept-Encoding' }
37 silly get cb [ 404,
37 silly get   { 'content-type': 'application/json',
37 silly get     'cache-control': 'max-age=0',
37 silly get     'content-length': '2',
37 silly get     'accept-ranges': 'bytes',
37 silly get     date: 'Wed, 09 Nov 2016 02:16:42 GMT',
37 silly get     via: '1.1 varnish',
37 silly get     age: '0',
37 silly get     connection: 'keep-alive',
37 silly get     'x-served-by': 'cache-iad2133-IAD',
37 silly get     'x-cache': 'MISS',
37 silly get     'x-cache-hits': '0',
37 silly get     'x-timer': 'S1478657802.089144,VS0,VE103',
37 silly get     vary: 'Accept-Encoding' } ]
38 verbose stack Error: Registry returned 404 for GET on https://registry.npmjs.org/twilio-node
38 verbose stack     at CachingRegistryClient.<anonymous> (/usr/local/lib/node_modules/npm/node_modules/npm-registry-client/lib/request.js:239:14)
38 verbose stack     at Request._callback (/usr/local/lib/node_modules/npm/node_modules/npm-registry-client/lib/request.js:170:14)
38 verbose stack     at Request.self.callback (/usr/local/lib/node_modules/npm/node_modules/request/request.js:197:22)
38 verbose stack     at Request.emit (events.js:110:17)
38 verbose stack     at Request.<anonymous> (/usr/local/lib/node_modules/npm/node_modules/request/request.js:1050:14)
38 verbose stack     at Request.emit (events.js:129:20)
38 verbose stack     at IncomingMessage.<anonymous> (/usr/local/lib/node_modules/npm/node_modules/request/request.js:996:12)
38 verbose stack     at IncomingMessage.emit (events.js:129:20)
38 verbose stack     at _stream_readable.js:908:16
38 verbose stack     at process._tickCallback (node.js:355:11)
39 verbose statusCode 404
40 verbose pkgid twilio-node
41 verbose cwd /Users/averysinclair/Sites/hairpiq/repos/piqtionary
42 error Darwin 15.6.0
43 error argv "node" "/usr/local/bin/npm" "install" "twilio-node"
44 error node v0.12.6
45 error npm  v2.12.1
46 error code E404
47 error 404 Registry returned 404 for GET on https://registry.npmjs.org/twilio-node
47 error 404
47 error 404 'twilio-node' is not in the npm registry.
47 error 404 You should bug the author to publish it (or use the name yourself!)
47 error 404 It was specified as a dependency of 'piqtionary'
47 error 404
47 error 404 Note that you can also install from a
47 error 404 tarball, folder, http url, or git url.
48 verbose exit [ 1, true ]
